# JRE version: Java(TM) SE Runtime Environment (8.0_20-b26) (build 1.8.0_20-b26)
# Java VM: Java HotSpot(TM) 64-Bit Server VM (25.20-b23 mixed mode windows-amd64 compressed oops)
Heap:
 PSYoungGen      total 137216K, used 9101K [0x00000000d5b80000, 0x00000000e6880000, 0x0000000100000000)
  eden space 133120K, 6% used [0x00000000d5b80000,0x00000000d63502f0,0x00000000ddd80000)
  from space 4096K, 26% used [0x00000000ddd80000,0x00000000dde931a0,0x00000000de180000)
  to   space 4608K, 0% used [0x00000000e6400000,0x00000000e6400000,0x00000000e6880000)
 ParOldGen       total 87552K, used 2919K [0x0000000081200000, 0x0000000086780000, 0x00000000d5b80000)
  object space 87552K, 3% used [0x0000000081200000,0x00000000814d9f00,0x0000000086780000)
 Metaspace       used 15452K, capacity 15714K, committed 16000K, reserved 1062912K
  class space    used 2010K, capacity 2075K, committed 2176K, reserved 1048576K
GC Heap History (10 events):
Event: 10.360 GC heap before
{Heap before GC invocations=3 (full 0):
 PSYoungGen      total 38400K, used 36368K [0x00000000d5b80000, 0x00000000d8600000, 0x0000000100000000)
  eden space 33280K, 100% used [0x00000000d5b80000,0x00000000d7c00000,0x00000000d7c00000)
  from space 5120K, 60% used [0x00000000d8100000,0x00000000d8404398,0x00000000d8600000)
  to   space 5120K, 0% used [0x00000000d7c00000,0x00000000d7c00000,0x00000000d8100000)
 ParOldGen       total 87552K, used 32K [0x0000000081200000, 0x0000000086780000, 0x00000000d5b80000)
  object space 87552K, 0% used [0x0000000081200000,0x0000000081208000,0x0000000086780000)
 Metaspace       used 15339K, capacity 15586K, committed 16000K, reserved 1062912K
  class space    used 2010K, capacity 2075K, committed 2176K, reserved 1048576K
Event: 10.367 GC heap after
Heap after GC invocations=3 (full 0):
 PSYoungGen      total 38400K, used 3265K [0x00000000d5b80000, 0x00000000da680000, 0x0000000100000000)
  eden space 33280K, 0% used [0x00000000d5b80000,0x00000000d5b80000,0x00000000d7c00000)
  from space 5120K, 63% used [0x00000000d7c00000,0x00000000d7f30700,0x00000000d8100000)
  to   space 5120K, 0% used [0x00000000da180000,0x00000000da180000,0x00000000da680000)
 ParOldGen       total 87552K, used 40K [0x0000000081200000, 0x0000000086780000, 0x00000000d5b80000)
  object space 87552K, 0% used [0x0000000081200000,0x000000008120a000,0x0000000086780000)
 Metaspace       used 15339K, capacity 15586K, committed 16000K, reserved 1062912K
  class space    used 2010K, capacity 2075K, committed 2176K, reserved 1048576K
}
Event: 10.598 GC heap before
{Heap before GC invocations=4 (full 0):
 PSYoungGen      total 38400K, used 36545K [0x00000000d5b80000, 0x00000000da680000, 0x0000000100000000)
  eden space 33280K, 100% used [0x00000000d5b80000,0x00000000d7c00000,0x00000000d7c00000)
  from space 5120K, 63% used [0x00000000d7c00000,0x00000000d7f30700,0x00000000d8100000)
  to   space 5120K, 0% used [0x00000000da180000,0x00000000da180000,0x00000000da680000)
 ParOldGen       total 87552K, used 40K [0x0000000081200000, 0x0000000086780000, 0x00000000d5b80000)
  object space 87552K, 0% used [0x0000000081200000,0x000000008120a000,0x0000000086780000)
 Metaspace       used 15379K, capacity 15650K, committed 16000K, reserved 1062912K
  class space    used 2010K, capacity 2075K, committed 2176K, reserved 1048576K
Event: 10.612 GC heap after
Heap after GC invocations=4 (full 0):
 PSYoungGen      total 71680K, used 3329K [0x00000000d5b80000, 0x00000000da680000, 0x0000000100000000)
  eden space 66560K, 0% used [0x00000000d5b80000,0x00000000d5b80000,0x00000000d9c80000)
  from space 5120K, 65% used [0x00000000da180000,0x00000000da4c0720,0x00000000da680000)
  to   space 5120K, 0% used [0x00000000d9c80000,0x00000000d9c80000,0x00000000da180000)
 ParOldGen       total 87552K, used 48K [0x0000000081200000, 0x0000000086780000, 0x00000000d5b80000)
  object space 87552K, 0% used [0x0000000081200000,0x000000008120c000,0x0000000086780000)
 Metaspace       used 15379K, capacity 15650K, committed 16000K, reserved 1062912K
  class space    used 2010K, capacity 2075K, committed 2176K, reserved 1048576K
}
Event: 10.979 GC heap before
{Heap before GC invocations=5 (full 0):
 PSYoungGen      total 71680K, used 69889K [0x00000000d5b80000, 0x00000000da680000, 0x0000000100000000)
  eden space 66560K, 100% used [0x00000000d5b80000,0x00000000d9c80000,0x00000000d9c80000)
  from space 5120K, 65% used [0x00000000da180000,0x00000000da4c0720,0x00000000da680000)
  to   space 5120K, 0% used [0x00000000d9c80000,0x00000000d9c80000,0x00000000da180000)
 ParOldGen       total 87552K, used 48K [0x0000000081200000, 0x0000000086780000, 0x00000000d5b80000)
  object space 87552K, 0% used [0x0000000081200000,0x000000008120c000,0x0000000086780000)
 Metaspace       used 15417K, capacity 15650K, committed 16000K, reserved 1062912K
  class space    used 2010K, capacity 2075K, committed 2176K, reserved 1048576K
Event: 10.995 GC heap after
Heap after GC invocations=5 (full 0):
 PSYoungGen      total 71680K, used 3635K [0x00000000d5b80000, 0x00000000de580000, 0x0000000100000000)
  eden space 66560K, 0% used [0x00000000d5b80000,0x00000000d5b80000,0x00000000d9c80000)
  from space 5120K, 71% used [0x00000000d9c80000,0x00000000da00ce10,0x00000000da180000)
  to   space 4096K, 0% used [0x00000000de180000,0x00000000de180000,0x00000000de580000)
 ParOldGen       total 87552K, used 56K [0x0000000081200000, 0x0000000086780000, 0x00000000d5b80000)
  object space 87552K, 0% used [0x0000000081200000,0x000000008120e000,0x0000000086780000)
 Metaspace       used 15417K, capacity 15650K, committed 16000K, reserved 1062912K
  class space    used 2010K, capacity 2075K, committed 2176K, reserved 1048576K
}
Event: 11.415 GC heap before
{Heap before GC invocations=6 (full 0):
 PSYoungGen      total 71680K, used 70195K [0x00000000d5b80000, 0x00000000de580000, 0x0000000100000000)
  eden space 66560K, 100% used [0x00000000d5b80000,0x00000000d9c80000,0x00000000d9c80000)
  from space 5120K, 71% used [0x00000000d9c80000,0x00000000da00ce10,0x00000000da180000)
  to   space 4096K, 0% used [0x00000000de180000,0x00000000de180000,0x00000000de580000)
 ParOldGen       total 87552K, used 56K [0x0000000081200000, 0x0000000086780000, 0x00000000d5b80000)
  object space 87552K, 0% used [0x0000000081200000,0x000000008120e000,0x0000000086780000)
 Metaspace       used 15430K, capacity 15714K, committed 16000K, reserved 1062912K
  class space    used 2010K, capacity 2075K, committed 2176K, reserved 1048576K
Event: 11.475 GC heap after
Heap after GC invocations=6 (full 0):
 PSYoungGen      total 137216K, used 3739K [0x00000000d5b80000, 0x00000000de580000, 0x0000000100000000)
  eden space 133120K, 0% used [0x00000000d5b80000,0x00000000d5b80000,0x00000000ddd80000)
  from space 4096K, 91% used [0x00000000de180000,0x00000000de526e28,0x00000000de580000)
  to   space 4096K, 0% used [0x00000000ddd80000,0x00000000ddd80000,0x00000000de180000)
 ParOldGen       total 87552K, used 64K [0x0000000081200000, 0x0000000086780000, 0x00000000d5b80000)
  object space 87552K, 0% used [0x0000000081200000,0x0000000081210000,0x0000000086780000)
 Metaspace       used 15430K, capacity 15714K, committed 16000K, reserved 1062912K
  class space    used 2010K, capacity 2075K, committed 2176K, reserved 1048576K
}
Event: 12.248 GC heap before
{Heap before GC invocations=7 (full 0):
 PSYoungGen      total 137216K, used 136859K [0x00000000d5b80000, 0x00000000de580000, 0x0000000100000000)
  eden space 133120K, 100% used [0x00000000d5b80000,0x00000000ddd80000,0x00000000ddd80000)
  from space 4096K, 91% used [0x00000000de180000,0x00000000de526e28,0x00000000de580000)
  to   space 4096K, 0% used [0x00000000ddd80000,0x00000000ddd80000,0x00000000de180000)
 ParOldGen       total 87552K, used 64K [0x0000000081200000, 0x0000000086780000, 0x00000000d5b80000)
  object space 87552K, 0% used [0x0000000081200000,0x0000000081210000,0x0000000086780000)
 Metaspace       used 15452K, capacity 15714K, committed 16000K, reserved 1062912K
  class space    used 2010K, capacity 2075K, committed 2176K, reserved 1048576K
Event: 12.271 GC heap after
Heap after GC invocations=7 (full 0):
 PSYoungGen      total 137216K, used 1100K [0x00000000d5b80000, 0x00000000e6880000, 0x0000000100000000)
  eden space 133120K, 0% used [0x00000000d5b80000,0x00000000d5b80000,0x00000000ddd80000)
  from space 4096K, 26% used [0x00000000ddd80000,0x00000000dde931a0,0x00000000de180000)
  to   space 4608K, 0% used [0x00000000e6400000,0x00000000e6400000,0x00000000e6880000)
 ParOldGen       total 87552K, used 2919K [0x0000000081200000, 0x0000000086780000, 0x00000000d5b80000)
  object space 87552K, 3% used [0x0000000081200000,0x00000000814d9f00,0x0000000086780000)
 Metaspace       used 15452K, capacity 15714K, committed 16000K, reserved 1062912K
  class space    used 2010K, capacity 2075K, committed 2176K, reserved 1048576K
}

